<!DOCTYPE html PUBLIC "-//W3C//DTD XHTML 1.1//EN" "http://www.w3.org/TR/xhtml11/DTD/xhtml11.dtd">
<html xmlns="http://www.w3.org/1999/xhtml"><head><title>TestNG Report</title><style type="text/css">table {margin-bottom:10px;border-collapse:collapse;empty-cells:show}th,td {border:1px solid #009;padding:.25em .5em}th {vertical-align:bottom}td {vertical-align:top}table a {font-weight:bold}.stripe td {background-color: #E6EBF9}.num {text-align:right}.passedodd td {background-color: #3F3}.passedeven td {background-color: #0A0}.skippedodd td {background-color: #DDD}.skippedeven td {background-color: #CCC}.failedodd td,.attn {background-color: #F33}.failedeven td,.stripe .attn {background-color: #D00}.stacktrace {white-space:pre;font-family:monospace}.totop {font-size:85%;text-align:center;border-bottom:2px solid #000}</style></head><body><table><tr><th>Test</th><th># Passed</th><th># Skipped</th><th># Failed</th><th>Time (ms)</th><th>Included Groups</th><th>Excluded Groups</th></tr><tr><th colspan="7">Kargo360</th></tr><tr><td><a href="#t0">All Test case Run</a></td><td class="num">49</td><td class="num">0</td><td class="num attn">12</td><td class="num">663,326</td><td></td><td></td></tr></table><table id='summary'><thead><tr><th>Class</th><th>Method</th><th>Start</th><th>Time (ms)</th></tr></thead><tbody><tr><th colspan="4">Kargo360</th></tr></tbody><tbody id="t0"><tr><th colspan="4">All Test case Run &#8212; failed</th></tr><tr class="failedeven"><td rowspan="1">com.crm.qa.testcases.AircraftCreationPageTest</td><td><a href="#m0">AircraftCreationPossitiveflow</a></td><td rowspan="1">1710246010875</td><td rowspan="1">15825</td></tr><tr class="failedodd"><td rowspan="2">com.crm.qa.testcases.Airport_WarehouseCreationPageTest</td><td><a href="#m1">AirportCreationPossitiveflow</a></td><td rowspan="1">1710246079743</td><td rowspan="1">16051</td></tr><tr class="failedodd"><td><a href="#m2">WarehouseCreationPossitiveflow</a></td><td rowspan="1">1710246044042</td><td rowspan="1">16288</td></tr><tr class="failedeven"><td rowspan="1">com.crm.qa.testcases.NewCartcreationPageTest</td><td><a href="#m3">CartCreationPossitiveflow</a></td><td rowspan="1">1710246029626</td><td rowspan="1">11019</td></tr><tr class="failedodd"><td rowspan="1">com.crm.qa.testcases.NewCountrycreationPageTest</td><td><a href="#m4">CountryCreationPossitiveflow</a></td><td rowspan="1">1710245943032</td><td rowspan="1">11177</td></tr><tr class="failedeven"><td rowspan="1">com.crm.qa.testcases.NewCurrancycreationPageTest</td><td><a href="#m5">CartCreationPossitiveflow</a></td><td rowspan="1">1710245957938</td><td rowspan="1">9890</td></tr><tr class="failedodd"><td rowspan="1">com.crm.qa.testcases.NewFreightForwarderCreationPageTest</td><td><a href="#m6">FreightForwarderCreationPossitiveflow</a></td><td rowspan="1">1710245977042</td><td rowspan="1">13759</td></tr><tr class="failedeven"><td rowspan="1">com.crm.qa.testcases.NewHSCodeCreationPageTest</td><td><a href="#m7">FreightForwarderCreationPossitiveflow</a></td><td rowspan="1">1710246063078</td><td rowspan="1">12675</td></tr><tr class="failedodd"><td rowspan="1">com.crm.qa.testcases.RegionCodeCreationPageTest</td><td><a href="#m8">RegionCreationPossitiveflow</a></td><td rowspan="1">1710245906698</td><td rowspan="1">13209</td></tr><tr class="failedeven"><td rowspan="1">com.crm.qa.testcases.StateCodeCreationPageTest</td><td><a href="#m9">StateCreationPossitiveflow</a></td><td rowspan="1">1710245994478</td><td rowspan="1">13177</td></tr><tr class="failedodd"><td rowspan="1">com.crm.qa.testcases.Supplier_GSTINCreationPageTest</td><td><a href="#m10">Supplier_GSTIN_Possitiveflow</a></td><td rowspan="1">1710245922873</td><td rowspan="1">16077</td></tr><tr class="failedeven"><td rowspan="1">com.crm.qa.testcases.priority_MasterListingPageTest</td><td><a href="#m11">verifypriorityListingpage</a></td><td rowspan="1">1710245619321</td><td rowspan="1">7573</td></tr><tr><th colspan="4">All Test case Run &#8212; passed</th></tr><tr class="passedeven"><td rowspan="3">com.crm.qa.testcases.AircraftCreationPageTest</td><td><a href="#m12">ClickonNewAircraftButton</a></td><td rowspan="1">1710245879040</td><td rowspan="1">10601</td></tr><tr class="passedeven"><td><a href="#m13">verifyAircraftListingpage</a></td><td rowspan="1">1710245766488</td><td rowspan="1">7104</td></tr><tr class="passedeven"><td><a href="#m14">verifyhomepage</a></td><td rowspan="1">1710245561857</td><td rowspan="1">3017</td></tr><tr class="passedodd"><td rowspan="2">com.crm.qa.testcases.Aircraft_MasterListingPageTest</td><td><a href="#m15">verifyAircraftListingpage</a></td><td rowspan="1">1710245778585</td><td rowspan="1">6972</td></tr><tr class="passedodd"><td><a href="#m16">verifyhomepage</a></td><td rowspan="1">1710245568040</td><td rowspan="1">3014</td></tr><tr class="passedeven"><td rowspan="2">com.crm.qa.testcases.Airport_Warehouse_MasterListingPageTest</td><td><a href="#m17">verifyAircraftListingpage</a></td><td rowspan="1">1710245655372</td><td rowspan="1">7079</td></tr><tr class="passedeven"><td><a href="#m18">verifyhomepage</a></td><td rowspan="1">1710245502317</td><td rowspan="1">3007</td></tr><tr class="passedodd"><td rowspan="2">com.crm.qa.testcases.CartMasterListingPageTest</td><td><a href="#m19">verifyCartListingpage</a></td><td rowspan="1">1710245703263</td><td rowspan="1">6977</td></tr><tr class="passedodd"><td><a href="#m20">verifyhomepage</a></td><td rowspan="1">1710245523975</td><td rowspan="1">3032</td></tr><tr class="passedeven"><td rowspan="1">com.crm.qa.testcases.CountryMasterListingPageTest</td><td><a href="#m21">verifyCountryListingpage</a></td><td rowspan="1">1710245669475</td><td rowspan="1">7247</td></tr><tr class="passedodd"><td rowspan="2">com.crm.qa.testcases.CurrencyMasterListingPageTest</td><td><a href="#m22">verifyCurrancyListingpage</a></td><td rowspan="1">1710245573938</td><td rowspan="1">7093</td></tr><tr class="passedodd"><td><a href="#m23">verifyhomepage</a></td><td rowspan="1">1710245448823</td><td rowspan="1">3026</td></tr><tr class="passedeven"><td rowspan="2">com.crm.qa.testcases.FreightForwarder_MasterListingPageTest</td><td><a href="#m24">verifyFreightForwarderListingpage</a></td><td rowspan="1">1710245680331</td><td rowspan="1">7214</td></tr><tr class="passedeven"><td><a href="#m25">verifyhomepage</a></td><td rowspan="1">1710245511072</td><td rowspan="1">3014</td></tr><tr class="passedodd"><td rowspan="2">com.crm.qa.testcases.HSCode_MasterListingPageTest</td><td><a href="#m26">verifyFreightForwarderListingpage</a></td><td rowspan="1">1710245754693</td><td rowspan="1">7239</td></tr><tr class="passedodd"><td><a href="#m27">verifyhomepage</a></td><td rowspan="1">1710245553505</td><td rowspan="1">3018</td></tr><tr class="passedeven"><td rowspan="1">com.crm.qa.testcases.HomePageTest</td><td><a href="#m28">verifyHomePageTitleTest</a></td><td rowspan="1">1710245455107</td><td rowspan="1">3013</td></tr><tr class="passedodd"><td rowspan="6">com.crm.qa.testcases.LoginPageTest</td><td><a href="#m29">invalidLogin</a></td><td rowspan="1">1710245714945</td><td rowspan="1">3260</td></tr><tr class="passedodd"><td><a href="#m30">invalidPass</a></td><td rowspan="1">1710245970599</td><td rowspan="1">3313</td></tr><tr class="passedodd"><td><a href="#m31">invalidUser</a></td><td rowspan="1">1710245843792</td><td rowspan="1">3269</td></tr><tr class="passedodd"><td><a href="#m32">loginPageTitleTest</a></td><td rowspan="1">1710245530042</td><td rowspan="1">10</td></tr><tr class="passedodd"><td><a href="#m33">loginTest</a></td><td rowspan="1">1710246106069</td><td rowspan="1">2264</td></tr><tr class="passedodd"><td><a href="#m34">noCredentials</a></td><td rowspan="1">1710246099909</td><td rowspan="1">3215</td></tr><tr class="passedeven"><td rowspan="3">com.crm.qa.testcases.NewCartcreationPageTest</td><td><a href="#m35">ClickonNewCartButton</a></td><td rowspan="1">1710245867817</td><td rowspan="1">8191</td></tr><tr class="passedeven"><td><a href="#m36">verifyCartListingpage</a></td><td rowspan="1">1710245645074</td><td rowspan="1">7430</td></tr><tr class="passedeven"><td><a href="#m37">verifyhomepage</a></td><td rowspan="1">1710245495116</td><td rowspan="1">3025</td></tr><tr class="passedodd"><td rowspan="3">com.crm.qa.testcases.NewCountrycreationPageTest</td><td><a href="#m38">ClickonNewCountryButton</a></td><td rowspan="1">1710245817523</td><td rowspan="1">8494</td></tr><tr class="passedodd"><td><a href="#m39">verifyCountryListingpage</a></td><td rowspan="1">1710245584956</td><td rowspan="1">7070</td></tr><tr class="passedodd"><td><a href="#m40">verifyhomepage</a></td><td rowspan="1">1710245467298</td><td rowspan="1">3016</td></tr><tr class="passedeven"><td rowspan="3">com.crm.qa.testcases.NewCurrancycreationPageTest</td><td><a href="#m41">ClickonNewCurrancyButton</a></td><td rowspan="1">1710245831572</td><td rowspan="1">9124</td></tr><tr class="passedeven"><td><a href="#m42">verifyCurrancyListingpage</a></td><td rowspan="1">1710245692057</td><td rowspan="1">7089</td></tr><tr class="passedeven"><td><a href="#m43">verifyhomepage</a></td><td rowspan="1">1710245517615</td><td rowspan="1">3031</td></tr><tr class="passedodd"><td rowspan="1">com.crm.qa.testcases.NewFreightForwarderCreationPageTest</td><td><a href="#m44">ClickonNewFreightForwarderButton</a></td><td rowspan="1">1710245851016</td><td rowspan="1">10305</td></tr><tr class="passedeven"><td rowspan="3">com.crm.qa.testcases.NewHSCodeCreationPageTest</td><td><a href="#m45">ClickonNewFreightForwarderButton</a></td><td rowspan="1">1710245892749</td><td rowspan="1">10332</td></tr><tr class="passedeven"><td><a href="#m46">verifyFreightForwarderListingpage</a></td><td rowspan="1">1710245721363</td><td rowspan="1">7387</td></tr><tr class="passedeven"><td><a href="#m47">verifyhomepage</a></td><td rowspan="1">1710245534971</td><td rowspan="1">3023</td></tr><tr class="passedodd"><td rowspan="3">com.crm.qa.testcases.RegionCodeCreationPageTest</td><td><a href="#m48">ClickonNewRegionButton</a></td><td rowspan="1">1710245788264</td><td rowspan="1">10534</td></tr><tr class="passedodd"><td><a href="#m49">verifyRegionListingpage</a></td><td rowspan="1">1710245596060</td><td rowspan="1">6903</td></tr><tr class="passedodd"><td><a href="#m50">verifyhomepage</a></td><td rowspan="1">1710245461321</td><td rowspan="1">3010</td></tr><tr class="passedeven"><td rowspan="2">com.crm.qa.testcases.Region_MasterListingPageTest</td><td><a href="#m51">verifyRegionListingpage</a></td><td rowspan="1">1710245744784</td><td rowspan="1">7154</td></tr><tr class="passedeven"><td><a href="#m52">verifyhomepage</a></td><td rowspan="1">1710245547319</td><td rowspan="1">3011</td></tr><tr class="passedodd"><td rowspan="3">com.crm.qa.testcases.StateCodeCreationPageTest</td><td><a href="#m53">ClickonNewStateButton</a></td><td rowspan="1">1710245803184</td><td rowspan="1">10242</td></tr><tr class="passedodd"><td><a href="#m54">verifyStateListingpage</a></td><td rowspan="1">1710245635151</td><td rowspan="1">6780</td></tr><tr class="passedodd"><td><a href="#m55">verifyhomepage</a></td><td rowspan="1">1710245487157</td><td rowspan="1">3033</td></tr><tr class="passedeven"><td rowspan="2">com.crm.qa.testcases.State_MasterListingPageTest</td><td><a href="#m56">verifyStateListingpage</a></td><td rowspan="1">1710245733280</td><td rowspan="1">7028</td></tr><tr class="passedeven"><td><a href="#m57">verifyhomepage</a></td><td rowspan="1">1710245541506</td><td rowspan="1">3035</td></tr><tr class="passedodd"><td rowspan="2">com.crm.qa.testcases.Supplier_GSTIN_MasterListingPageTest</td><td><a href="#m58">verifySupplier_GSTINListingpage</a></td><td rowspan="1">1710245606981</td><td rowspan="1">6927</td></tr><tr class="passedodd"><td><a href="#m59">verifyhomepage</a></td><td rowspan="1">1710245474767</td><td rowspan="1">3025</td></tr><tr class="passedeven"><td rowspan="1">com.crm.qa.testcases.priority_MasterListingPageTest</td><td><a href="#m60">verifyhomepage</a></td><td rowspan="1">1710245480780</td><td rowspan="1">3033</td></tr></tbody></table><h2>All Test case Run</h2><h3 id="m0">com.crm.qa.testcases.AircraftCreationPageTest#AircraftCreationPossitiveflow</h3><table class="result"><tr><th>Exception</th></tr><tr><td><div class="stacktrace">java.lang.AssertionError: expected [https://qaspicexpress.kargo360tech.com/aircraft/list] but found [https://qaspicexpress.kargo360tech.com/aircraft/create]
	at org.testng.Assert.fail(Assert.java:93)
	at org.testng.Assert.failNotEquals(Assert.java:512)
	at org.testng.Assert.assertEqualsImpl(Assert.java:134)
	at org.testng.Assert.assertEquals(Assert.java:115)
	at org.testng.Assert.assertEquals(Assert.java:189)
	at org.testng.Assert.assertEquals(Assert.java:199)
	at com.crm.qa.testcases.AircraftCreationPageTest.AircraftCreationPossitiveflow(AircraftCreationPageTest.java:257)
	at java.base/jdk.internal.reflect.NativeMethodAccessorImpl.invoke0(Native Method)
	at java.base/jdk.internal.reflect.NativeMethodAccessorImpl.invoke(NativeMethodAccessorImpl.java:77)
	at java.base/jdk.internal.reflect.DelegatingMethodAccessorImpl.invoke(DelegatingMethodAccessorImpl.java:43)
	at java.base/java.lang.reflect.Method.invoke(Method.java:568)
	at org.testng.internal.MethodInvocationHelper.invokeMethod(MethodInvocationHelper.java:108)
	at org.testng.internal.Invoker.invokeMethod(Invoker.java:661)
	at org.testng.internal.Invoker.invokeTestMethod(Invoker.java:869)
	at org.testng.internal.Invoker.invokeTestMethods(Invoker.java:1193)
	at org.testng.internal.TestMethodWorker.invokeTestMethods(TestMethodWorker.java:126)
	at org.testng.internal.TestMethodWorker.run(TestMethodWorker.java:109)
	at org.testng.TestRunner.privateRun(TestRunner.java:744)
	at org.testng.TestRunner.run(TestRunner.java:602)
	at org.testng.SuiteRunner.runTest(SuiteRunner.java:380)
	at org.testng.SuiteRunner.runSequentially(SuiteRunner.java:375)
	at org.testng.SuiteRunner.privateRun(SuiteRunner.java:340)
	at org.testng.SuiteRunner.run(SuiteRunner.java:289)
	at org.testng.SuiteRunnerWorker.runSuite(SuiteRunnerWorker.java:52)
	at org.testng.SuiteRunnerWorker.run(SuiteRunnerWorker.java:86)
	at org.testng.TestNG.runSuitesSequentially(TestNG.java:1301)
	at org.testng.TestNG.runSuitesLocally(TestNG.java:1226)
	at org.testng.TestNG.runSuites(TestNG.java:1144)
	at org.testng.TestNG.run(TestNG.java:1115)
	at org.testng.remote.AbstractRemoteTestNG.run(AbstractRemoteTestNG.java:115)
	at org.testng.remote.RemoteTestNG.initAndRun(RemoteTestNG.java:251)
	at org.testng.remote.RemoteTestNG.main(RemoteTestNG.java:77)
</div></td></tr></table><p class="totop"><a href="#summary">back to summary</a></p><h3 id="m1">com.crm.qa.testcases.Airport_WarehouseCreationPageTest#AirportCreationPossitiveflow</h3><table class="result"><tr><th>Exception</th></tr><tr><td><div class="stacktrace">java.lang.AssertionError: expected [https://qaspicexpress.kargo360tech.com/airport/list] but found [https://qaspicexpress.kargo360tech.com/airport/create]
	at org.testng.Assert.fail(Assert.java:93)
	at org.testng.Assert.failNotEquals(Assert.java:512)
	at org.testng.Assert.assertEqualsImpl(Assert.java:134)
	at org.testng.Assert.assertEquals(Assert.java:115)
	at org.testng.Assert.assertEquals(Assert.java:189)
	at org.testng.Assert.assertEquals(Assert.java:199)
	at com.crm.qa.testcases.Airport_WarehouseCreationPageTest.AirportCreationPossitiveflow(Airport_WarehouseCreationPageTest.java:292)
	at java.base/jdk.internal.reflect.NativeMethodAccessorImpl.invoke0(Native Method)
	at java.base/jdk.internal.reflect.NativeMethodAccessorImpl.invoke(NativeMethodAccessorImpl.java:77)
	at java.base/jdk.internal.reflect.DelegatingMethodAccessorImpl.invoke(DelegatingMethodAccessorImpl.java:43)
	at java.base/java.lang.reflect.Method.invoke(Method.java:568)
	at org.testng.internal.MethodInvocationHelper.invokeMethod(MethodInvocationHelper.java:108)
	at org.testng.internal.Invoker.invokeMethod(Invoker.java:661)
	at org.testng.internal.Invoker.invokeTestMethod(Invoker.java:869)
	at org.testng.internal.Invoker.invokeTestMethods(Invoker.java:1193)
	at org.testng.internal.TestMethodWorker.invokeTestMethods(TestMethodWorker.java:126)
	at org.testng.internal.TestMethodWorker.run(TestMethodWorker.java:109)
	at org.testng.TestRunner.privateRun(TestRunner.java:744)
	at org.testng.TestRunner.run(TestRunner.java:602)
	at org.testng.SuiteRunner.runTest(SuiteRunner.java:380)
	at org.testng.SuiteRunner.runSequentially(SuiteRunner.java:375)
	at org.testng.SuiteRunner.privateRun(SuiteRunner.java:340)
	at org.testng.SuiteRunner.run(SuiteRunner.java:289)
	at org.testng.SuiteRunnerWorker.runSuite(SuiteRunnerWorker.java:52)
	at org.testng.SuiteRunnerWorker.run(SuiteRunnerWorker.java:86)
	at org.testng.TestNG.runSuitesSequentially(TestNG.java:1301)
	at org.testng.TestNG.runSuitesLocally(TestNG.java:1226)
	at org.testng.TestNG.runSuites(TestNG.java:1144)
	at org.testng.TestNG.run(TestNG.java:1115)
	at org.testng.remote.AbstractRemoteTestNG.run(AbstractRemoteTestNG.java:115)
	at org.testng.remote.RemoteTestNG.initAndRun(RemoteTestNG.java:251)
	at org.testng.remote.RemoteTestNG.main(RemoteTestNG.java:77)
</div></td></tr></table><p class="totop"><a href="#summary">back to summary</a></p><h3 id="m2">com.crm.qa.testcases.Airport_WarehouseCreationPageTest#WarehouseCreationPossitiveflow</h3><table class="result"><tr><th>Exception</th></tr><tr><td><div class="stacktrace">java.lang.AssertionError: expected [https://qaspicexpress.kargo360tech.com/airport/list] but found [https://qaspicexpress.kargo360tech.com/airport/create]
	at org.testng.Assert.fail(Assert.java:93)
	at org.testng.Assert.failNotEquals(Assert.java:512)
	at org.testng.Assert.assertEqualsImpl(Assert.java:134)
	at org.testng.Assert.assertEquals(Assert.java:115)
	at org.testng.Assert.assertEquals(Assert.java:189)
	at org.testng.Assert.assertEquals(Assert.java:199)
	at com.crm.qa.testcases.Airport_WarehouseCreationPageTest.WarehouseCreationPossitiveflow(Airport_WarehouseCreationPageTest.java:184)
	at java.base/jdk.internal.reflect.NativeMethodAccessorImpl.invoke0(Native Method)
	at java.base/jdk.internal.reflect.NativeMethodAccessorImpl.invoke(NativeMethodAccessorImpl.java:77)
	at java.base/jdk.internal.reflect.DelegatingMethodAccessorImpl.invoke(DelegatingMethodAccessorImpl.java:43)
	at java.base/java.lang.reflect.Method.invoke(Method.java:568)
	at org.testng.internal.MethodInvocationHelper.invokeMethod(MethodInvocationHelper.java:108)
	at org.testng.internal.Invoker.invokeMethod(Invoker.java:661)
	at org.testng.internal.Invoker.invokeTestMethod(Invoker.java:869)
	at org.testng.internal.Invoker.invokeTestMethods(Invoker.java:1193)
	at org.testng.internal.TestMethodWorker.invokeTestMethods(TestMethodWorker.java:126)
	at org.testng.internal.TestMethodWorker.run(TestMethodWorker.java:109)
	at org.testng.TestRunner.privateRun(TestRunner.java:744)
	at org.testng.TestRunner.run(TestRunner.java:602)
	at org.testng.SuiteRunner.runTest(SuiteRunner.java:380)
	at org.testng.SuiteRunner.runSequentially(SuiteRunner.java:375)
	at org.testng.SuiteRunner.privateRun(SuiteRunner.java:340)
	at org.testng.SuiteRunner.run(SuiteRunner.java:289)
	at org.testng.SuiteRunnerWorker.runSuite(SuiteRunnerWorker.java:52)
	at org.testng.SuiteRunnerWorker.run(SuiteRunnerWorker.java:86)
	at org.testng.TestNG.runSuitesSequentially(TestNG.java:1301)
	at org.testng.TestNG.runSuitesLocally(TestNG.java:1226)
	at org.testng.TestNG.runSuites(TestNG.java:1144)
	at org.testng.TestNG.run(TestNG.java:1115)
	at org.testng.remote.AbstractRemoteTestNG.run(AbstractRemoteTestNG.java:115)
	at org.testng.remote.RemoteTestNG.initAndRun(RemoteTestNG.java:251)
	at org.testng.remote.RemoteTestNG.main(RemoteTestNG.java:77)
</div></td></tr></table><p class="totop"><a href="#summary">back to summary</a></p><h3 id="m3">com.crm.qa.testcases.NewCartcreationPageTest#CartCreationPossitiveflow</h3><table class="result"><tr><th>Exception</th></tr><tr><td><div class="stacktrace">java.lang.AssertionError: expected [https://qaspicexpress.kargo360tech.com/cart/list] but found [https://qaspicexpress.kargo360tech.com/cart/create]
	at org.testng.Assert.fail(Assert.java:93)
	at org.testng.Assert.failNotEquals(Assert.java:512)
	at org.testng.Assert.assertEqualsImpl(Assert.java:134)
	at org.testng.Assert.assertEquals(Assert.java:115)
	at org.testng.Assert.assertEquals(Assert.java:189)
	at org.testng.Assert.assertEquals(Assert.java:199)
	at com.crm.qa.testcases.NewCartcreationPageTest.CartCreationPossitiveflow(NewCartcreationPageTest.java:128)
	at java.base/jdk.internal.reflect.NativeMethodAccessorImpl.invoke0(Native Method)
	at java.base/jdk.internal.reflect.NativeMethodAccessorImpl.invoke(NativeMethodAccessorImpl.java:77)
	at java.base/jdk.internal.reflect.DelegatingMethodAccessorImpl.invoke(DelegatingMethodAccessorImpl.java:43)
	at java.base/java.lang.reflect.Method.invoke(Method.java:568)
	at org.testng.internal.MethodInvocationHelper.invokeMethod(MethodInvocationHelper.java:108)
	at org.testng.internal.Invoker.invokeMethod(Invoker.java:661)
	at org.testng.internal.Invoker.invokeTestMethod(Invoker.java:869)
	at org.testng.internal.Invoker.invokeTestMethods(Invoker.java:1193)
	at org.testng.internal.TestMethodWorker.invokeTestMethods(TestMethodWorker.java:126)
	at org.testng.internal.TestMethodWorker.run(TestMethodWorker.java:109)
	at org.testng.TestRunner.privateRun(TestRunner.java:744)
	at org.testng.TestRunner.run(TestRunner.java:602)
	at org.testng.SuiteRunner.runTest(SuiteRunner.java:380)
	at org.testng.SuiteRunner.runSequentially(SuiteRunner.java:375)
	at org.testng.SuiteRunner.privateRun(SuiteRunner.java:340)
	at org.testng.SuiteRunner.run(SuiteRunner.java:289)
	at org.testng.SuiteRunnerWorker.runSuite(SuiteRunnerWorker.java:52)
	at org.testng.SuiteRunnerWorker.run(SuiteRunnerWorker.java:86)
	at org.testng.TestNG.runSuitesSequentially(TestNG.java:1301)
	at org.testng.TestNG.runSuitesLocally(TestNG.java:1226)
	at org.testng.TestNG.runSuites(TestNG.java:1144)
	at org.testng.TestNG.run(TestNG.java:1115)
	at org.testng.remote.AbstractRemoteTestNG.run(AbstractRemoteTestNG.java:115)
	at org.testng.remote.RemoteTestNG.initAndRun(RemoteTestNG.java:251)
	at org.testng.remote.RemoteTestNG.main(RemoteTestNG.java:77)
</div></td></tr></table><p class="totop"><a href="#summary">back to summary</a></p><h3 id="m4">com.crm.qa.testcases.NewCountrycreationPageTest#CountryCreationPossitiveflow</h3><table class="result"><tr><th>Exception</th></tr><tr><td><div class="stacktrace">java.lang.AssertionError: expected [https://qaspicexpress.kargo360tech.com/country/list] but found [https://qaspicexpress.kargo360tech.com/country/create]
	at org.testng.Assert.fail(Assert.java:93)
	at org.testng.Assert.failNotEquals(Assert.java:512)
	at org.testng.Assert.assertEqualsImpl(Assert.java:134)
	at org.testng.Assert.assertEquals(Assert.java:115)
	at org.testng.Assert.assertEquals(Assert.java:189)
	at org.testng.Assert.assertEquals(Assert.java:199)
	at com.crm.qa.testcases.NewCountrycreationPageTest.CountryCreationPossitiveflow(NewCountrycreationPageTest.java:136)
	at java.base/jdk.internal.reflect.NativeMethodAccessorImpl.invoke0(Native Method)
	at java.base/jdk.internal.reflect.NativeMethodAccessorImpl.invoke(NativeMethodAccessorImpl.java:77)
	at java.base/jdk.internal.reflect.DelegatingMethodAccessorImpl.invoke(DelegatingMethodAccessorImpl.java:43)
	at java.base/java.lang.reflect.Method.invoke(Method.java:568)
	at org.testng.internal.MethodInvocationHelper.invokeMethod(MethodInvocationHelper.java:108)
	at org.testng.internal.Invoker.invokeMethod(Invoker.java:661)
	at org.testng.internal.Invoker.invokeTestMethod(Invoker.java:869)
	at org.testng.internal.Invoker.invokeTestMethods(Invoker.java:1193)
	at org.testng.internal.TestMethodWorker.invokeTestMethods(TestMethodWorker.java:126)
	at org.testng.internal.TestMethodWorker.run(TestMethodWorker.java:109)
	at org.testng.TestRunner.privateRun(TestRunner.java:744)
	at org.testng.TestRunner.run(TestRunner.java:602)
	at org.testng.SuiteRunner.runTest(SuiteRunner.java:380)
	at org.testng.SuiteRunner.runSequentially(SuiteRunner.java:375)
	at org.testng.SuiteRunner.privateRun(SuiteRunner.java:340)
	at org.testng.SuiteRunner.run(SuiteRunner.java:289)
	at org.testng.SuiteRunnerWorker.runSuite(SuiteRunnerWorker.java:52)
	at org.testng.SuiteRunnerWorker.run(SuiteRunnerWorker.java:86)
	at org.testng.TestNG.runSuitesSequentially(TestNG.java:1301)
	at org.testng.TestNG.runSuitesLocally(TestNG.java:1226)
	at org.testng.TestNG.runSuites(TestNG.java:1144)
	at org.testng.TestNG.run(TestNG.java:1115)
	at org.testng.remote.AbstractRemoteTestNG.run(AbstractRemoteTestNG.java:115)
	at org.testng.remote.RemoteTestNG.initAndRun(RemoteTestNG.java:251)
	at org.testng.remote.RemoteTestNG.main(RemoteTestNG.java:77)
</div></td></tr></table><p class="totop"><a href="#summary">back to summary</a></p><h3 id="m5">com.crm.qa.testcases.NewCurrancycreationPageTest#CartCreationPossitiveflow</h3><table class="result"><tr><th>Exception</th></tr><tr><td><div class="stacktrace">java.lang.AssertionError: expected [https://qaspicexpress.kargo360tech.com/currency/list] but found [https://qaspicexpress.kargo360tech.com/currency/create]
	at org.testng.Assert.fail(Assert.java:93)
	at org.testng.Assert.failNotEquals(Assert.java:512)
	at org.testng.Assert.assertEqualsImpl(Assert.java:134)
	at org.testng.Assert.assertEquals(Assert.java:115)
	at org.testng.Assert.assertEquals(Assert.java:189)
	at org.testng.Assert.assertEquals(Assert.java:199)
	at com.crm.qa.testcases.NewCurrancycreationPageTest.CartCreationPossitiveflow(NewCurrancycreationPageTest.java:127)
	at java.base/jdk.internal.reflect.NativeMethodAccessorImpl.invoke0(Native Method)
	at java.base/jdk.internal.reflect.NativeMethodAccessorImpl.invoke(NativeMethodAccessorImpl.java:77)
	at java.base/jdk.internal.reflect.DelegatingMethodAccessorImpl.invoke(DelegatingMethodAccessorImpl.java:43)
	at java.base/java.lang.reflect.Method.invoke(Method.java:568)
	at org.testng.internal.MethodInvocationHelper.invokeMethod(MethodInvocationHelper.java:108)
	at org.testng.internal.Invoker.invokeMethod(Invoker.java:661)
	at org.testng.internal.Invoker.invokeTestMethod(Invoker.java:869)
	at org.testng.internal.Invoker.invokeTestMethods(Invoker.java:1193)
	at org.testng.internal.TestMethodWorker.invokeTestMethods(TestMethodWorker.java:126)
	at org.testng.internal.TestMethodWorker.run(TestMethodWorker.java:109)
	at org.testng.TestRunner.privateRun(TestRunner.java:744)
	at org.testng.TestRunner.run(TestRunner.java:602)
	at org.testng.SuiteRunner.runTest(SuiteRunner.java:380)
	at org.testng.SuiteRunner.runSequentially(SuiteRunner.java:375)
	at org.testng.SuiteRunner.privateRun(SuiteRunner.java:340)
	at org.testng.SuiteRunner.run(SuiteRunner.java:289)
	at org.testng.SuiteRunnerWorker.runSuite(SuiteRunnerWorker.java:52)
	at org.testng.SuiteRunnerWorker.run(SuiteRunnerWorker.java:86)
	at org.testng.TestNG.runSuitesSequentially(TestNG.java:1301)
	at org.testng.TestNG.runSuitesLocally(TestNG.java:1226)
	at org.testng.TestNG.runSuites(TestNG.java:1144)
	at org.testng.TestNG.run(TestNG.java:1115)
	at org.testng.remote.AbstractRemoteTestNG.run(AbstractRemoteTestNG.java:115)
	at org.testng.remote.RemoteTestNG.initAndRun(RemoteTestNG.java:251)
	at org.testng.remote.RemoteTestNG.main(RemoteTestNG.java:77)
</div></td></tr></table><p class="totop"><a href="#summary">back to summary</a></p><h3 id="m6">com.crm.qa.testcases.NewFreightForwarderCreationPageTest#FreightForwarderCreationPossitiveflow</h3><table class="result"><tr><th>Exception</th></tr><tr><td><div class="stacktrace">java.lang.AssertionError: expected [https://qaspicexpress.kargo360tech.com/freight-forwarder/list] but found [https://qaspicexpress.kargo360tech.com/freight-forwarder/create]
	at org.testng.Assert.fail(Assert.java:93)
	at org.testng.Assert.failNotEquals(Assert.java:512)
	at org.testng.Assert.assertEqualsImpl(Assert.java:134)
	at org.testng.Assert.assertEquals(Assert.java:115)
	at org.testng.Assert.assertEquals(Assert.java:189)
	at org.testng.Assert.assertEquals(Assert.java:199)
	at com.crm.qa.testcases.NewFreightForwarderCreationPageTest.FreightForwarderCreationPossitiveflow(NewFreightForwarderCreationPageTest.java:130)
	at java.base/jdk.internal.reflect.NativeMethodAccessorImpl.invoke0(Native Method)
	at java.base/jdk.internal.reflect.NativeMethodAccessorImpl.invoke(NativeMethodAccessorImpl.java:77)
	at java.base/jdk.internal.reflect.DelegatingMethodAccessorImpl.invoke(DelegatingMethodAccessorImpl.java:43)
	at java.base/java.lang.reflect.Method.invoke(Method.java:568)
	at org.testng.internal.MethodInvocationHelper.invokeMethod(MethodInvocationHelper.java:108)
	at org.testng.internal.Invoker.invokeMethod(Invoker.java:661)
	at org.testng.internal.Invoker.invokeTestMethod(Invoker.java:869)
	at org.testng.internal.Invoker.invokeTestMethods(Invoker.java:1193)
	at org.testng.internal.TestMethodWorker.invokeTestMethods(TestMethodWorker.java:126)
	at org.testng.internal.TestMethodWorker.run(TestMethodWorker.java:109)
	at org.testng.TestRunner.privateRun(TestRunner.java:744)
	at org.testng.TestRunner.run(TestRunner.java:602)
	at org.testng.SuiteRunner.runTest(SuiteRunner.java:380)
	at org.testng.SuiteRunner.runSequentially(SuiteRunner.java:375)
	at org.testng.SuiteRunner.privateRun(SuiteRunner.java:340)
	at org.testng.SuiteRunner.run(SuiteRunner.java:289)
	at org.testng.SuiteRunnerWorker.runSuite(SuiteRunnerWorker.java:52)
	at org.testng.SuiteRunnerWorker.run(SuiteRunnerWorker.java:86)
	at org.testng.TestNG.runSuitesSequentially(TestNG.java:1301)
	at org.testng.TestNG.runSuitesLocally(TestNG.java:1226)
	at org.testng.TestNG.runSuites(TestNG.java:1144)
	at org.testng.TestNG.run(TestNG.java:1115)
	at org.testng.remote.AbstractRemoteTestNG.run(AbstractRemoteTestNG.java:115)
	at org.testng.remote.RemoteTestNG.initAndRun(RemoteTestNG.java:251)
	at org.testng.remote.RemoteTestNG.main(RemoteTestNG.java:77)
</div></td></tr></table><p class="totop"><a href="#summary">back to summary</a></p><h3 id="m7">com.crm.qa.testcases.NewHSCodeCreationPageTest#FreightForwarderCreationPossitiveflow</h3><table class="result"><tr><th>Exception</th></tr><tr><td><div class="stacktrace">java.lang.AssertionError: expected [https://qaspicexpress.kargo360tech.com/hs-code/list] but found [https://qaspicexpress.kargo360tech.com/hs-code/create]
	at org.testng.Assert.fail(Assert.java:93)
	at org.testng.Assert.failNotEquals(Assert.java:512)
	at org.testng.Assert.assertEqualsImpl(Assert.java:134)
	at org.testng.Assert.assertEquals(Assert.java:115)
	at org.testng.Assert.assertEquals(Assert.java:189)
	at org.testng.Assert.assertEquals(Assert.java:199)
	at com.crm.qa.testcases.NewHSCodeCreationPageTest.FreightForwarderCreationPossitiveflow(NewHSCodeCreationPageTest.java:133)
	at java.base/jdk.internal.reflect.NativeMethodAccessorImpl.invoke0(Native Method)
	at java.base/jdk.internal.reflect.NativeMethodAccessorImpl.invoke(NativeMethodAccessorImpl.java:77)
	at java.base/jdk.internal.reflect.DelegatingMethodAccessorImpl.invoke(DelegatingMethodAccessorImpl.java:43)
	at java.base/java.lang.reflect.Method.invoke(Method.java:568)
	at org.testng.internal.MethodInvocationHelper.invokeMethod(MethodInvocationHelper.java:108)
	at org.testng.internal.Invoker.invokeMethod(Invoker.java:661)
	at org.testng.internal.Invoker.invokeTestMethod(Invoker.java:869)
	at org.testng.internal.Invoker.invokeTestMethods(Invoker.java:1193)
	at org.testng.internal.TestMethodWorker.invokeTestMethods(TestMethodWorker.java:126)
	at org.testng.internal.TestMethodWorker.run(TestMethodWorker.java:109)
	at org.testng.TestRunner.privateRun(TestRunner.java:744)
	at org.testng.TestRunner.run(TestRunner.java:602)
	at org.testng.SuiteRunner.runTest(SuiteRunner.java:380)
	at org.testng.SuiteRunner.runSequentially(SuiteRunner.java:375)
	at org.testng.SuiteRunner.privateRun(SuiteRunner.java:340)
	at org.testng.SuiteRunner.run(SuiteRunner.java:289)
	at org.testng.SuiteRunnerWorker.runSuite(SuiteRunnerWorker.java:52)
	at org.testng.SuiteRunnerWorker.run(SuiteRunnerWorker.java:86)
	at org.testng.TestNG.runSuitesSequentially(TestNG.java:1301)
	at org.testng.TestNG.runSuitesLocally(TestNG.java:1226)
	at org.testng.TestNG.runSuites(TestNG.java:1144)
	at org.testng.TestNG.run(TestNG.java:1115)
	at org.testng.remote.AbstractRemoteTestNG.run(AbstractRemoteTestNG.java:115)
	at org.testng.remote.RemoteTestNG.initAndRun(RemoteTestNG.java:251)
	at org.testng.remote.RemoteTestNG.main(RemoteTestNG.java:77)
</div></td></tr></table><p class="totop"><a href="#summary">back to summary</a></p><h3 id="m8">com.crm.qa.testcases.RegionCodeCreationPageTest#RegionCreationPossitiveflow</h3><table class="result"><tr><th>Exception</th></tr><tr><td><div class="stacktrace">java.lang.AssertionError: expected [https://qaspicexpress.kargo360tech.com/region/list] but found [https://qaspicexpress.kargo360tech.com/region/create]
	at org.testng.Assert.fail(Assert.java:93)
	at org.testng.Assert.failNotEquals(Assert.java:512)
	at org.testng.Assert.assertEqualsImpl(Assert.java:134)
	at org.testng.Assert.assertEquals(Assert.java:115)
	at org.testng.Assert.assertEquals(Assert.java:189)
	at org.testng.Assert.assertEquals(Assert.java:199)
	at com.crm.qa.testcases.RegionCodeCreationPageTest.RegionCreationPossitiveflow(RegionCodeCreationPageTest.java:135)
	at java.base/jdk.internal.reflect.NativeMethodAccessorImpl.invoke0(Native Method)
	at java.base/jdk.internal.reflect.NativeMethodAccessorImpl.invoke(NativeMethodAccessorImpl.java:77)
	at java.base/jdk.internal.reflect.DelegatingMethodAccessorImpl.invoke(DelegatingMethodAccessorImpl.java:43)
	at java.base/java.lang.reflect.Method.invoke(Method.java:568)
	at org.testng.internal.MethodInvocationHelper.invokeMethod(MethodInvocationHelper.java:108)
	at org.testng.internal.Invoker.invokeMethod(Invoker.java:661)
	at org.testng.internal.Invoker.invokeTestMethod(Invoker.java:869)
	at org.testng.internal.Invoker.invokeTestMethods(Invoker.java:1193)
	at org.testng.internal.TestMethodWorker.invokeTestMethods(TestMethodWorker.java:126)
	at org.testng.internal.TestMethodWorker.run(TestMethodWorker.java:109)
	at org.testng.TestRunner.privateRun(TestRunner.java:744)
	at org.testng.TestRunner.run(TestRunner.java:602)
	at org.testng.SuiteRunner.runTest(SuiteRunner.java:380)
	at org.testng.SuiteRunner.runSequentially(SuiteRunner.java:375)
	at org.testng.SuiteRunner.privateRun(SuiteRunner.java:340)
	at org.testng.SuiteRunner.run(SuiteRunner.java:289)
	at org.testng.SuiteRunnerWorker.runSuite(SuiteRunnerWorker.java:52)
	at org.testng.SuiteRunnerWorker.run(SuiteRunnerWorker.java:86)
	at org.testng.TestNG.runSuitesSequentially(TestNG.java:1301)
	at org.testng.TestNG.runSuitesLocally(TestNG.java:1226)
	at org.testng.TestNG.runSuites(TestNG.java:1144)
	at org.testng.TestNG.run(TestNG.java:1115)
	at org.testng.remote.AbstractRemoteTestNG.run(AbstractRemoteTestNG.java:115)
	at org.testng.remote.RemoteTestNG.initAndRun(RemoteTestNG.java:251)
	at org.testng.remote.RemoteTestNG.main(RemoteTestNG.java:77)
</div></td></tr></table><p class="totop"><a href="#summary">back to summary</a></p><h3 id="m9">com.crm.qa.testcases.StateCodeCreationPageTest#StateCreationPossitiveflow</h3><table class="result"><tr><th>Exception</th></tr><tr><td><div class="stacktrace">java.lang.AssertionError: expected [https://qaspicexpress.kargo360tech.com/state/list] but found [https://qaspicexpress.kargo360tech.com/state/create]
	at org.testng.Assert.fail(Assert.java:93)
	at org.testng.Assert.failNotEquals(Assert.java:512)
	at org.testng.Assert.assertEqualsImpl(Assert.java:134)
	at org.testng.Assert.assertEquals(Assert.java:115)
	at org.testng.Assert.assertEquals(Assert.java:189)
	at org.testng.Assert.assertEquals(Assert.java:199)
	at com.crm.qa.testcases.StateCodeCreationPageTest.StateCreationPossitiveflow(StateCodeCreationPageTest.java:141)
	at java.base/jdk.internal.reflect.NativeMethodAccessorImpl.invoke0(Native Method)
	at java.base/jdk.internal.reflect.NativeMethodAccessorImpl.invoke(NativeMethodAccessorImpl.java:77)
	at java.base/jdk.internal.reflect.DelegatingMethodAccessorImpl.invoke(DelegatingMethodAccessorImpl.java:43)
	at java.base/java.lang.reflect.Method.invoke(Method.java:568)
	at org.testng.internal.MethodInvocationHelper.invokeMethod(MethodInvocationHelper.java:108)
	at org.testng.internal.Invoker.invokeMethod(Invoker.java:661)
	at org.testng.internal.Invoker.invokeTestMethod(Invoker.java:869)
	at org.testng.internal.Invoker.invokeTestMethods(Invoker.java:1193)
	at org.testng.internal.TestMethodWorker.invokeTestMethods(TestMethodWorker.java:126)
	at org.testng.internal.TestMethodWorker.run(TestMethodWorker.java:109)
	at org.testng.TestRunner.privateRun(TestRunner.java:744)
	at org.testng.TestRunner.run(TestRunner.java:602)
	at org.testng.SuiteRunner.runTest(SuiteRunner.java:380)
	at org.testng.SuiteRunner.runSequentially(SuiteRunner.java:375)
	at org.testng.SuiteRunner.privateRun(SuiteRunner.java:340)
	at org.testng.SuiteRunner.run(SuiteRunner.java:289)
	at org.testng.SuiteRunnerWorker.runSuite(SuiteRunnerWorker.java:52)
	at org.testng.SuiteRunnerWorker.run(SuiteRunnerWorker.java:86)
	at org.testng.TestNG.runSuitesSequentially(TestNG.java:1301)
	at org.testng.TestNG.runSuitesLocally(TestNG.java:1226)
	at org.testng.TestNG.runSuites(TestNG.java:1144)
	at org.testng.TestNG.run(TestNG.java:1115)
	at org.testng.remote.AbstractRemoteTestNG.run(AbstractRemoteTestNG.java:115)
	at org.testng.remote.RemoteTestNG.initAndRun(RemoteTestNG.java:251)
	at org.testng.remote.RemoteTestNG.main(RemoteTestNG.java:77)
</div></td></tr></table><p class="totop"><a href="#summary">back to summary</a></p><h3 id="m10">com.crm.qa.testcases.Supplier_GSTINCreationPageTest#Supplier_GSTIN_Possitiveflow</h3><table class="result"><tr><th>Exception</th></tr><tr><td><div class="stacktrace">java.lang.AssertionError: expected [https://qaspicexpress.kargo360tech.com/supplier-gstin/list] but found [https://qaspicexpress.kargo360tech.com/supplier-gstin/create]
	at org.testng.Assert.fail(Assert.java:93)
	at org.testng.Assert.failNotEquals(Assert.java:512)
	at org.testng.Assert.assertEqualsImpl(Assert.java:134)
	at org.testng.Assert.assertEquals(Assert.java:115)
	at org.testng.Assert.assertEquals(Assert.java:189)
	at org.testng.Assert.assertEquals(Assert.java:199)
	at com.crm.qa.testcases.Supplier_GSTINCreationPageTest.Supplier_GSTIN_Possitiveflow(Supplier_GSTINCreationPageTest.java:248)
	at java.base/jdk.internal.reflect.NativeMethodAccessorImpl.invoke0(Native Method)
	at java.base/jdk.internal.reflect.NativeMethodAccessorImpl.invoke(NativeMethodAccessorImpl.java:77)
	at java.base/jdk.internal.reflect.DelegatingMethodAccessorImpl.invoke(DelegatingMethodAccessorImpl.java:43)
	at java.base/java.lang.reflect.Method.invoke(Method.java:568)
	at org.testng.internal.MethodInvocationHelper.invokeMethod(MethodInvocationHelper.java:108)
	at org.testng.internal.Invoker.invokeMethod(Invoker.java:661)
	at org.testng.internal.Invoker.invokeTestMethod(Invoker.java:869)
	at org.testng.internal.Invoker.invokeTestMethods(Invoker.java:1193)
	at org.testng.internal.TestMethodWorker.invokeTestMethods(TestMethodWorker.java:126)
	at org.testng.internal.TestMethodWorker.run(TestMethodWorker.java:109)
	at org.testng.TestRunner.privateRun(TestRunner.java:744)
	at org.testng.TestRunner.run(TestRunner.java:602)
	at org.testng.SuiteRunner.runTest(SuiteRunner.java:380)
	at org.testng.SuiteRunner.runSequentially(SuiteRunner.java:375)
	at org.testng.SuiteRunner.privateRun(SuiteRunner.java:340)
	at org.testng.SuiteRunner.run(SuiteRunner.java:289)
	at org.testng.SuiteRunnerWorker.runSuite(SuiteRunnerWorker.java:52)
	at org.testng.SuiteRunnerWorker.run(SuiteRunnerWorker.java:86)
	at org.testng.TestNG.runSuitesSequentially(TestNG.java:1301)
	at org.testng.TestNG.runSuitesLocally(TestNG.java:1226)
	at org.testng.TestNG.runSuites(TestNG.java:1144)
	at org.testng.TestNG.run(TestNG.java:1115)
	at org.testng.remote.AbstractRemoteTestNG.run(AbstractRemoteTestNG.java:115)
	at org.testng.remote.RemoteTestNG.initAndRun(RemoteTestNG.java:251)
	at org.testng.remote.RemoteTestNG.main(RemoteTestNG.java:77)
</div></td></tr></table><p class="totop"><a href="#summary">back to summary</a></p><h3 id="m11">com.crm.qa.testcases.priority_MasterListingPageTest#verifypriorityListingpage</h3><table class="result"><tr><th>Exception</th></tr><tr><td><div class="stacktrace">java.lang.AssertionError: expected [https://qaspicexpress.kargo360tech.com/hs-code/list] but found [https://qaspicexpress.kargo360tech.com/dashboard]
	at org.testng.Assert.fail(Assert.java:93)
	at org.testng.Assert.failNotEquals(Assert.java:512)
	at org.testng.Assert.assertEqualsImpl(Assert.java:134)
	at org.testng.Assert.assertEquals(Assert.java:115)
	at org.testng.Assert.assertEquals(Assert.java:189)
	at org.testng.Assert.assertEquals(Assert.java:199)
	at com.crm.qa.testcases.priority_MasterListingPageTest.verifypriorityListingpage(priority_MasterListingPageTest.java:68)
	at java.base/jdk.internal.reflect.NativeMethodAccessorImpl.invoke0(Native Method)
	at java.base/jdk.internal.reflect.NativeMethodAccessorImpl.invoke(NativeMethodAccessorImpl.java:77)
	at java.base/jdk.internal.reflect.DelegatingMethodAccessorImpl.invoke(DelegatingMethodAccessorImpl.java:43)
	at java.base/java.lang.reflect.Method.invoke(Method.java:568)
	at org.testng.internal.MethodInvocationHelper.invokeMethod(MethodInvocationHelper.java:108)
	at org.testng.internal.Invoker.invokeMethod(Invoker.java:661)
	at org.testng.internal.Invoker.invokeTestMethod(Invoker.java:869)
	at org.testng.internal.Invoker.invokeTestMethods(Invoker.java:1193)
	at org.testng.internal.TestMethodWorker.invokeTestMethods(TestMethodWorker.java:126)
	at org.testng.internal.TestMethodWorker.run(TestMethodWorker.java:109)
	at org.testng.TestRunner.privateRun(TestRunner.java:744)
	at org.testng.TestRunner.run(TestRunner.java:602)
	at org.testng.SuiteRunner.runTest(SuiteRunner.java:380)
	at org.testng.SuiteRunner.runSequentially(SuiteRunner.java:375)
	at org.testng.SuiteRunner.privateRun(SuiteRunner.java:340)
	at org.testng.SuiteRunner.run(SuiteRunner.java:289)
	at org.testng.SuiteRunnerWorker.runSuite(SuiteRunnerWorker.java:52)
	at org.testng.SuiteRunnerWorker.run(SuiteRunnerWorker.java:86)
	at org.testng.TestNG.runSuitesSequentially(TestNG.java:1301)
	at org.testng.TestNG.runSuitesLocally(TestNG.java:1226)
	at org.testng.TestNG.runSuites(TestNG.java:1144)
	at org.testng.TestNG.run(TestNG.java:1115)
	at org.testng.remote.AbstractRemoteTestNG.run(AbstractRemoteTestNG.java:115)
	at org.testng.remote.RemoteTestNG.initAndRun(RemoteTestNG.java:251)
	at org.testng.remote.RemoteTestNG.main(RemoteTestNG.java:77)
</div></td></tr></table><p class="totop"><a href="#summary">back to summary</a></p><h3 id="m12">com.crm.qa.testcases.AircraftCreationPageTest#ClickonNewAircraftButton</h3><table class="result"></table><p class="totop"><a href="#summary">back to summary</a></p><h3 id="m13">com.crm.qa.testcases.AircraftCreationPageTest#verifyAircraftListingpage</h3><table class="result"></table><p class="totop"><a href="#summary">back to summary</a></p><h3 id="m14">com.crm.qa.testcases.AircraftCreationPageTest#verifyhomepage</h3><table class="result"></table><p class="totop"><a href="#summary">back to summary</a></p><h3 id="m15">com.crm.qa.testcases.Aircraft_MasterListingPageTest#verifyAircraftListingpage</h3><table class="result"></table><p class="totop"><a href="#summary">back to summary</a></p><h3 id="m16">com.crm.qa.testcases.Aircraft_MasterListingPageTest#verifyhomepage</h3><table class="result"></table><p class="totop"><a href="#summary">back to summary</a></p><h3 id="m17">com.crm.qa.testcases.Airport_Warehouse_MasterListingPageTest#verifyAircraftListingpage</h3><table class="result"></table><p class="totop"><a href="#summary">back to summary</a></p><h3 id="m18">com.crm.qa.testcases.Airport_Warehouse_MasterListingPageTest#verifyhomepage</h3><table class="result"></table><p class="totop"><a href="#summary">back to summary</a></p><h3 id="m19">com.crm.qa.testcases.CartMasterListingPageTest#verifyCartListingpage</h3><table class="result"></table><p class="totop"><a href="#summary">back to summary</a></p><h3 id="m20">com.crm.qa.testcases.CartMasterListingPageTest#verifyhomepage</h3><table class="result"></table><p class="totop"><a href="#summary">back to summary</a></p><h3 id="m21">com.crm.qa.testcases.CountryMasterListingPageTest#verifyCountryListingpage</h3><table class="result"></table><p class="totop"><a href="#summary">back to summary</a></p><h3 id="m22">com.crm.qa.testcases.CurrencyMasterListingPageTest#verifyCurrancyListingpage</h3><table class="result"></table><p class="totop"><a href="#summary">back to summary</a></p><h3 id="m23">com.crm.qa.testcases.CurrencyMasterListingPageTest#verifyhomepage</h3><table class="result"></table><p class="totop"><a href="#summary">back to summary</a></p><h3 id="m24">com.crm.qa.testcases.FreightForwarder_MasterListingPageTest#verifyFreightForwarderListingpage</h3><table class="result"></table><p class="totop"><a href="#summary">back to summary</a></p><h3 id="m25">com.crm.qa.testcases.FreightForwarder_MasterListingPageTest#verifyhomepage</h3><table class="result"></table><p class="totop"><a href="#summary">back to summary</a></p><h3 id="m26">com.crm.qa.testcases.HSCode_MasterListingPageTest#verifyFreightForwarderListingpage</h3><table class="result"></table><p class="totop"><a href="#summary">back to summary</a></p><h3 id="m27">com.crm.qa.testcases.HSCode_MasterListingPageTest#verifyhomepage</h3><table class="result"></table><p class="totop"><a href="#summary">back to summary</a></p><h3 id="m28">com.crm.qa.testcases.HomePageTest#verifyHomePageTitleTest</h3><table class="result"></table><p class="totop"><a href="#summary">back to summary</a></p><h3 id="m29">com.crm.qa.testcases.LoginPageTest#invalidLogin</h3><table class="result"></table><p class="totop"><a href="#summary">back to summary</a></p><h3 id="m30">com.crm.qa.testcases.LoginPageTest#invalidPass</h3><table class="result"></table><p class="totop"><a href="#summary">back to summary</a></p><h3 id="m31">com.crm.qa.testcases.LoginPageTest#invalidUser</h3><table class="result"></table><p class="totop"><a href="#summary">back to summary</a></p><h3 id="m32">com.crm.qa.testcases.LoginPageTest#loginPageTitleTest</h3><table class="result"></table><p class="totop"><a href="#summary">back to summary</a></p><h3 id="m33">com.crm.qa.testcases.LoginPageTest#loginTest</h3><table class="result"></table><p class="totop"><a href="#summary">back to summary</a></p><h3 id="m34">com.crm.qa.testcases.LoginPageTest#noCredentials</h3><table class="result"></table><p class="totop"><a href="#summary">back to summary</a></p><h3 id="m35">com.crm.qa.testcases.NewCartcreationPageTest#ClickonNewCartButton</h3><table class="result"></table><p class="totop"><a href="#summary">back to summary</a></p><h3 id="m36">com.crm.qa.testcases.NewCartcreationPageTest#verifyCartListingpage</h3><table class="result"></table><p class="totop"><a href="#summary">back to summary</a></p><h3 id="m37">com.crm.qa.testcases.NewCartcreationPageTest#verifyhomepage</h3><table class="result"></table><p class="totop"><a href="#summary">back to summary</a></p><h3 id="m38">com.crm.qa.testcases.NewCountrycreationPageTest#ClickonNewCountryButton</h3><table class="result"></table><p class="totop"><a href="#summary">back to summary</a></p><h3 id="m39">com.crm.qa.testcases.NewCountrycreationPageTest#verifyCountryListingpage</h3><table class="result"></table><p class="totop"><a href="#summary">back to summary</a></p><h3 id="m40">com.crm.qa.testcases.NewCountrycreationPageTest#verifyhomepage</h3><table class="result"></table><p class="totop"><a href="#summary">back to summary</a></p><h3 id="m41">com.crm.qa.testcases.NewCurrancycreationPageTest#ClickonNewCurrancyButton</h3><table class="result"></table><p class="totop"><a href="#summary">back to summary</a></p><h3 id="m42">com.crm.qa.testcases.NewCurrancycreationPageTest#verifyCurrancyListingpage</h3><table class="result"></table><p class="totop"><a href="#summary">back to summary</a></p><h3 id="m43">com.crm.qa.testcases.NewCurrancycreationPageTest#verifyhomepage</h3><table class="result"></table><p class="totop"><a href="#summary">back to summary</a></p><h3 id="m44">com.crm.qa.testcases.NewFreightForwarderCreationPageTest#ClickonNewFreightForwarderButton</h3><table class="result"></table><p class="totop"><a href="#summary">back to summary</a></p><h3 id="m45">com.crm.qa.testcases.NewHSCodeCreationPageTest#ClickonNewFreightForwarderButton</h3><table class="result"></table><p class="totop"><a href="#summary">back to summary</a></p><h3 id="m46">com.crm.qa.testcases.NewHSCodeCreationPageTest#verifyFreightForwarderListingpage</h3><table class="result"></table><p class="totop"><a href="#summary">back to summary</a></p><h3 id="m47">com.crm.qa.testcases.NewHSCodeCreationPageTest#verifyhomepage</h3><table class="result"></table><p class="totop"><a href="#summary">back to summary</a></p><h3 id="m48">com.crm.qa.testcases.RegionCodeCreationPageTest#ClickonNewRegionButton</h3><table class="result"></table><p class="totop"><a href="#summary">back to summary</a></p><h3 id="m49">com.crm.qa.testcases.RegionCodeCreationPageTest#verifyRegionListingpage</h3><table class="result"></table><p class="totop"><a href="#summary">back to summary</a></p><h3 id="m50">com.crm.qa.testcases.RegionCodeCreationPageTest#verifyhomepage</h3><table class="result"></table><p class="totop"><a href="#summary">back to summary</a></p><h3 id="m51">com.crm.qa.testcases.Region_MasterListingPageTest#verifyRegionListingpage</h3><table class="result"></table><p class="totop"><a href="#summary">back to summary</a></p><h3 id="m52">com.crm.qa.testcases.Region_MasterListingPageTest#verifyhomepage</h3><table class="result"></table><p class="totop"><a href="#summary">back to summary</a></p><h3 id="m53">com.crm.qa.testcases.StateCodeCreationPageTest#ClickonNewStateButton</h3><table class="result"></table><p class="totop"><a href="#summary">back to summary</a></p><h3 id="m54">com.crm.qa.testcases.StateCodeCreationPageTest#verifyStateListingpage</h3><table class="result"></table><p class="totop"><a href="#summary">back to summary</a></p><h3 id="m55">com.crm.qa.testcases.StateCodeCreationPageTest#verifyhomepage</h3><table class="result"></table><p class="totop"><a href="#summary">back to summary</a></p><h3 id="m56">com.crm.qa.testcases.State_MasterListingPageTest#verifyStateListingpage</h3><table class="result"></table><p class="totop"><a href="#summary">back to summary</a></p><h3 id="m57">com.crm.qa.testcases.State_MasterListingPageTest#verifyhomepage</h3><table class="result"></table><p class="totop"><a href="#summary">back to summary</a></p><h3 id="m58">com.crm.qa.testcases.Supplier_GSTIN_MasterListingPageTest#verifySupplier_GSTINListingpage</h3><table class="result"></table><p class="totop"><a href="#summary">back to summary</a></p><h3 id="m59">com.crm.qa.testcases.Supplier_GSTIN_MasterListingPageTest#verifyhomepage</h3><table class="result"></table><p class="totop"><a href="#summary">back to summary</a></p><h3 id="m60">com.crm.qa.testcases.priority_MasterListingPageTest#verifyhomepage</h3><table class="result"></table><p class="totop"><a href="#summary">back to summary</a></p></body></html>